C:\USERS\VICTOR ESPINOZA\DESKTOP\PROJECT 3 - THE REALITY OF VIRTUALITY\PROJ 3 - THE REALITY OF VIRTUALITY\PROJ 3 - THE REALITY OF VIRTUALITY\DEBUG\MAIN.OBJ
C:\USERS\VICTOR ESPINOZA\DESKTOP\PROJECT 3 - THE REALITY OF VIRTUALITY\PROJ 3 - THE REALITY OF VIRTUALITY\PROJ 3 - THE REALITY OF VIRTUALITY\DEBUG\OTHELLOBOARD.OBJ
C:\USERS\VICTOR ESPINOZA\DESKTOP\PROJECT 3 - THE REALITY OF VIRTUALITY\PROJ 3 - THE REALITY OF VIRTUALITY\PROJ 3 - THE REALITY OF VIRTUALITY\DEBUG\OTHELLOMOVE.OBJ
C:\USERS\VICTOR ESPINOZA\DESKTOP\PROJECT 3 - THE REALITY OF VIRTUALITY\PROJ 3 - THE REALITY OF VIRTUALITY\PROJ 3 - THE REALITY OF VIRTUALITY\DEBUG\OTHELLOVIEW.OBJ
C:\USERS\VICTOR ESPINOZA\DESKTOP\PROJECT 3 - THE REALITY OF VIRTUALITY\PROJ 3 - THE REALITY OF VIRTUALITY\PROJ 3 - THE REALITY OF VIRTUALITY\DEBUG\TICTACTOEBOARD.OBJ
C:\USERS\VICTOR ESPINOZA\DESKTOP\PROJECT 3 - THE REALITY OF VIRTUALITY\PROJ 3 - THE REALITY OF VIRTUALITY\PROJ 3 - THE REALITY OF VIRTUALITY\DEBUG\TICTACTOEMOVE.OBJ
C:\USERS\VICTOR ESPINOZA\DESKTOP\PROJECT 3 - THE REALITY OF VIRTUALITY\PROJ 3 - THE REALITY OF VIRTUALITY\PROJ 3 - THE REALITY OF VIRTUALITY\DEBUG\TICTACTOEVIEW.OBJ
C:\USERS\VICTOR ESPINOZA\DESKTOP\PROJECT 3 - THE REALITY OF VIRTUALITY\PROJ 3 - THE REALITY OF VIRTUALITY\PROJ 3 - THE REALITY OF VIRTUALITY\DEBUG\VC110.PDB
C:\USERS\VICTOR ESPINOZA\DESKTOP\PROJECT 3 - THE REALITY OF VIRTUALITY\PROJ 3 - THE REALITY OF VIRTUALITY\DEBUG\PROJ 3 - THE REALITY OF VIRTUALITY.ILK
C:\USERS\VICTOR ESPINOZA\DESKTOP\PROJECT 3 - THE REALITY OF VIRTUALITY\PROJ 3 - THE REALITY OF VIRTUALITY\DEBUG\PROJ 3 - THE REALITY OF VIRTUALITY.EXE
C:\USERS\VICTOR ESPINOZA\DESKTOP\PROJECT 3 - THE REALITY OF VIRTUALITY\PROJ 3 - THE REALITY OF VIRTUALITY\DEBUG\PROJ 3 - THE REALITY OF VIRTUALITY.PDB
C:\Users\Victor Espinoza\Desktop\Project 3 - The Reality of Virtuality\Proj 3 - The Reality of Virtuality\Proj 3 - The Reality of Virtuality\Debug\main.obj
C:\Users\Victor Espinoza\Desktop\Project 3 - The Reality of Virtuality\Proj 3 - The Reality of Virtuality\Proj 3 - The Reality of Virtuality\Debug\OthelloBoard.obj
C:\Users\Victor Espinoza\Desktop\Project 3 - The Reality of Virtuality\Proj 3 - The Reality of Virtuality\Proj 3 - The Reality of Virtuality\Debug\OthelloMove.obj
C:\Users\Victor Espinoza\Desktop\Project 3 - The Reality of Virtuality\Proj 3 - The Reality of Virtuality\Proj 3 - The Reality of Virtuality\Debug\OthelloView.obj
C:\Users\Victor Espinoza\Desktop\Project 3 - The Reality of Virtuality\Proj 3 - The Reality of Virtuality\Proj 3 - The Reality of Virtuality\Debug\TicTacToeBoard.obj
C:\Users\Victor Espinoza\Desktop\Project 3 - The Reality of Virtuality\Proj 3 - The Reality of Virtuality\Proj 3 - The Reality of Virtuality\Debug\TicTacToeMove.obj
C:\Users\Victor Espinoza\Desktop\Project 3 - The Reality of Virtuality\Proj 3 - The Reality of Virtuality\Proj 3 - The Reality of Virtuality\Debug\TicTacToeView.obj
C:\Users\Victor Espinoza\Desktop\Project 3 - The Reality of Virtuality\Proj 3 - The Reality of Virtuality\Proj 3 - The Reality of Virtuality\Debug\cl.command.1.tlog
C:\Users\Victor Espinoza\Desktop\Project 3 - The Reality of Virtuality\Proj 3 - The Reality of Virtuality\Proj 3 - The Reality of Virtuality\Debug\CL.read.1.tlog
C:\Users\Victor Espinoza\Desktop\Project 3 - The Reality of Virtuality\Proj 3 - The Reality of Virtuality\Proj 3 - The Reality of Virtuality\Debug\CL.write.1.tlog
C:\Users\Victor Espinoza\Desktop\Project 3 - The Reality of Virtuality\Proj 3 - The Reality of Virtuality\Proj 3 - The Reality of Virtuality\Debug\link-cvtres.read.1.tlog
C:\Users\Victor Espinoza\Desktop\Project 3 - The Reality of Virtuality\Proj 3 - The Reality of Virtuality\Proj 3 - The Reality of Virtuality\Debug\link-cvtres.write.1.tlog
C:\Users\Victor Espinoza\Desktop\Project 3 - The Reality of Virtuality\Proj 3 - The Reality of Virtuality\Proj 3 - The Reality of Virtuality\Debug\link-rc.read.1.tlog
C:\Users\Victor Espinoza\Desktop\Project 3 - The Reality of Virtuality\Proj 3 - The Reality of Virtuality\Proj 3 - The Reality of Virtuality\Debug\link-rc.write.1.tlog
C:\Users\Victor Espinoza\Desktop\Project 3 - The Reality of Virtuality\Proj 3 - The Reality of Virtuality\Proj 3 - The Reality of Virtuality\Debug\link.109268-cvtres.read.1.tlog
C:\Users\Victor Espinoza\Desktop\Project 3 - The Reality of Virtuality\Proj 3 - The Reality of Virtuality\Proj 3 - The Reality of Virtuality\Debug\link.109268-cvtres.write.1.tlog
C:\Users\Victor Espinoza\Desktop\Project 3 - The Reality of Virtuality\Proj 3 - The Reality of Virtuality\Proj 3 - The Reality of Virtuality\Debug\link.109268-rc.read.1.tlog
C:\Users\Victor Espinoza\Desktop\Project 3 - The Reality of Virtuality\Proj 3 - The Reality of Virtuality\Proj 3 - The Reality of Virtuality\Debug\link.109268-rc.write.1.tlog
C:\Users\Victor Espinoza\Desktop\Project 3 - The Reality of Virtuality\Proj 3 - The Reality of Virtuality\Proj 3 - The Reality of Virtuality\Debug\link.109268.read.1.tlog
C:\Users\Victor Espinoza\Desktop\Project 3 - The Reality of Virtuality\Proj 3 - The Reality of Virtuality\Proj 3 - The Reality of Virtuality\Debug\link.109268.write.1.tlog
C:\Users\Victor Espinoza\Desktop\Project 3 - The Reality of Virtuality\Proj 3 - The Reality of Virtuality\Proj 3 - The Reality of Virtuality\Debug\link.command.1.tlog
C:\Users\Victor Espinoza\Desktop\Project 3 - The Reality of Virtuality\Proj 3 - The Reality of Virtuality\Proj 3 - The Reality of Virtuality\Debug\link.read.1.tlog
C:\Users\Victor Espinoza\Desktop\Project 3 - The Reality of Virtuality\Proj 3 - The Reality of Virtuality\Proj 3 - The Reality of Virtuality\Debug\link.write.1.tlog
C:\Users\Victor Espinoza\Desktop\Project 3 - The Reality of Virtuality\Proj 3 - The Reality of Virtuality\Proj 3 - The Reality of Virtuality\Debug\vc110.idb
C:\Users\Victor Espinoza\Desktop\Project 3 - The Reality of Virtuality\Proj 3 - The Reality of Virtuality\Proj 3 - The Reality of Virtuality\Debug\vc110.pdb
C:\Users\Victor Espinoza\Desktop\Project 3 - The Reality of Virtuality\Proj 3 - The Reality of Virtuality\Debug\Proj 3 - The Reality of Virtuality.pdb
C:\Users\Victor Espinoza\Desktop\Project 3 - The Reality of Virtuality\Proj 3 - The Reality of Virtuality\Debug\Proj 3 - The Reality of Virtuality.exe
C:\Users\Victor Espinoza\Desktop\Project 3 - The Reality of Virtuality\Proj 3 - The Reality of Virtuality\Debug\Proj 3 - The Reality of Virtuality.ilk
